# JRE version: OpenJDK Runtime Environment (21.0.3) (build 21.0.3+-12282718-b509.11)
# Java VM: OpenJDK 64-Bit Server VM (21.0.3+-12282718-b509.11, mixed mode, tiered, compressed oops, compressed class ptrs, g1 gc, windows-amd64)
GC Precious Log:
 CardTable entry size: 512
 Card Set container configuration: InlinePtr #cards 5 size 8 Array Of Cards #cards 12 size 40 Howl #buckets 4 coarsen threshold 1843 Howl Bitmap #cards 512 size 80 coarsen threshold 460 Card regions per heap region 1 cards per card region 2048
 CPUs: 12 total, 12 available
 Memory: 32672M
 Large Page Support: Disabled
 NUMA Support: Disabled
 Compressed Oops: Enabled (32-bit)
 Heap Region Size: 1M
 Heap Min Capacity: 8M
 Heap Initial Capacity: 512M
 Heap Max Capacity: 2G
 Pre-touch: Disabled
 Parallel Workers: 10
 Concurrent Workers: 3
 Concurrent Refinement Workers: 10
 Periodic GC: Disabled
Heap:
 garbage-first heap   total 368640K, used 249780K [0x0000000080000000, 0x0000000100000000)
  region size 1024K, 41 young (41984K), 13 survivors (13312K)
 Metaspace       used 199572K, committed 202304K, reserved 1245184K
  class space    used 25573K, committed 26944K, reserved 1048576K
GC Heap History (20 events):
Event: 21.504 GC heap before
{Heap before GC invocations=51 (full 0):
 garbage-first heap   total 319488K, used 299567K [0x0000000080000000, 0x0000000100000000)
  region size 1024K, 110 young (112640K), 9 survivors (9216K)
 Metaspace       used 164014K, committed 166528K, reserved 1245184K
  class space    used 21272K, committed 22528K, reserved 1048576K
}
Event: 21.508 GC heap after
{Heap after GC invocations=52 (full 0):
 garbage-first heap   total 319488K, used 189890K [0x0000000080000000, 0x0000000100000000)
  region size 1024K, 10 young (10240K), 10 survivors (10240K)
 Metaspace       used 164014K, committed 166528K, reserved 1245184K
  class space    used 21272K, committed 22528K, reserved 1048576K
}
Event: 21.545 GC heap before
{Heap before GC invocations=52 (full 0):
 garbage-first heap   total 319488K, used 199106K [0x0000000080000000, 0x0000000100000000)
  region size 1024K, 21 young (21504K), 10 survivors (10240K)
 Metaspace       used 164562K, committed 167104K, reserved 1245184K
  class space    used 21315K, committed 22592K, reserved 1048576K
}
Event: 21.548 GC heap after
{Heap after GC invocations=53 (full 0):
 garbage-first heap   total 319488K, used 190907K [0x0000000080000000, 0x0000000100000000)
  region size 1024K, 9 young (9216K), 9 survivors (9216K)
 Metaspace       used 164562K, committed 167104K, reserved 1245184K
  class space    used 21315K, committed 22592K, reserved 1048576K
}
Event: 22.224 GC heap before
{Heap before GC invocations=54 (full 0):
 garbage-first heap   total 334848K, used 293307K [0x0000000080000000, 0x0000000100000000)
  region size 1024K, 107 young (109568K), 9 survivors (9216K)
 Metaspace       used 175325K, committed 177920K, reserved 1245184K
  class space    used 22715K, committed 24000K, reserved 1048576K
}
Event: 22.228 GC heap after
{Heap after GC invocations=55 (full 0):
 garbage-first heap   total 334848K, used 193622K [0x0000000080000000, 0x0000000100000000)
  region size 1024K, 9 young (9216K), 9 survivors (9216K)
 Metaspace       used 175325K, committed 177920K, reserved 1245184K
  class space    used 22715K, committed 24000K, reserved 1048576K
}
Event: 22.648 GC heap before
{Heap before GC invocations=55 (full 0):
 garbage-first heap   total 334848K, used 309334K [0x0000000080000000, 0x0000000100000000)
  region size 1024K, 120 young (122880K), 9 survivors (9216K)
 Metaspace       used 177942K, committed 180480K, reserved 1245184K
  class space    used 23091K, committed 24384K, reserved 1048576K
}
Event: 22.654 GC heap after
{Heap after GC invocations=56 (full 0):
 garbage-first heap   total 334848K, used 197412K [0x0000000080000000, 0x0000000100000000)
  region size 1024K, 8 young (8192K), 8 survivors (8192K)
 Metaspace       used 177942K, committed 180480K, reserved 1245184K
  class space    used 23091K, committed 24384K, reserved 1048576K
}
Event: 22.906 GC heap before
{Heap before GC invocations=56 (full 0):
 garbage-first heap   total 334848K, used 308004K [0x0000000080000000, 0x0000000100000000)
  region size 1024K, 116 young (118784K), 8 survivors (8192K)
 Metaspace       used 177962K, committed 180544K, reserved 1245184K
  class space    used 23093K, committed 24384K, reserved 1048576K
}
Event: 22.909 GC heap after
{Heap after GC invocations=57 (full 0):
 garbage-first heap   total 334848K, used 197779K [0x0000000080000000, 0x0000000100000000)
  region size 1024K, 8 young (8192K), 8 survivors (8192K)
 Metaspace       used 177962K, committed 180544K, reserved 1245184K
  class space    used 23093K, committed 24384K, reserved 1048576K
}
Event: 23.415 GC heap before
{Heap before GC invocations=58 (full 0):
 garbage-first heap   total 365568K, used 310419K [0x0000000080000000, 0x0000000100000000)
  region size 1024K, 114 young (116736K), 8 survivors (8192K)
 Metaspace       used 182077K, committed 184768K, reserved 1245184K
  class space    used 23440K, committed 24768K, reserved 1048576K
}
Event: 23.421 GC heap after
{Heap after GC invocations=59 (full 0):
 garbage-first heap   total 365568K, used 199156K [0x0000000080000000, 0x0000000100000000)
  region size 1024K, 12 young (12288K), 12 survivors (12288K)
 Metaspace       used 182077K, committed 184768K, reserved 1245184K
  class space    used 23440K, committed 24768K, reserved 1048576K
}
Event: 25.985 GC heap before
{Heap before GC invocations=59 (full 0):
 garbage-first heap   total 365568K, used 331252K [0x0000000080000000, 0x0000000100000000)
  region size 1024K, 142 young (145408K), 12 survivors (12288K)
 Metaspace       used 189833K, committed 192512K, reserved 1245184K
  class space    used 24362K, committed 25728K, reserved 1048576K
}
Event: 25.995 GC heap after
{Heap after GC invocations=60 (full 0):
 garbage-first heap   total 365568K, used 204721K [0x0000000080000000, 0x0000000100000000)
  region size 1024K, 15 young (15360K), 15 survivors (15360K)
 Metaspace       used 189833K, committed 192512K, reserved 1245184K
  class space    used 24362K, committed 25728K, reserved 1048576K
}
Event: 36.633 GC heap before
{Heap before GC invocations=60 (full 0):
 garbage-first heap   total 365568K, used 330673K [0x0000000080000000, 0x0000000100000000)
  region size 1024K, 138 young (141312K), 15 survivors (15360K)
 Metaspace       used 192869K, committed 195520K, reserved 1245184K
  class space    used 24647K, committed 25984K, reserved 1048576K
}
Event: 36.642 GC heap after
{Heap after GC invocations=61 (full 0):
 garbage-first heap   total 365568K, used 211355K [0x0000000080000000, 0x0000000100000000)
  region size 1024K, 16 young (16384K), 16 survivors (16384K)
 Metaspace       used 192869K, committed 195520K, reserved 1245184K
  class space    used 24647K, committed 25984K, reserved 1048576K
}
Event: 198.121 GC heap before
{Heap before GC invocations=62 (full 0):
 garbage-first heap   total 368640K, used 329115K [0x0000000080000000, 0x0000000100000000)
  region size 1024K, 132 young (135168K), 16 survivors (16384K)
 Metaspace       used 197398K, committed 200192K, reserved 1245184K
  class space    used 25350K, committed 26752K, reserved 1048576K
}
Event: 198.131 GC heap after
{Heap after GC invocations=63 (full 0):
 garbage-first heap   total 368640K, used 216929K [0x0000000080000000, 0x0000000100000000)
  region size 1024K, 14 young (14336K), 14 survivors (14336K)
 Metaspace       used 197398K, committed 200192K, reserved 1245184K
  class space    used 25350K, committed 26752K, reserved 1048576K
}
Event: 198.326 GC heap before
{Heap before GC invocations=63 (full 0):
 garbage-first heap   total 368640K, used 334689K [0x0000000080000000, 0x0000000100000000)
  region size 1024K, 129 young (132096K), 14 survivors (14336K)
 Metaspace       used 197504K, committed 200256K, reserved 1245184K
  class space    used 25355K, committed 26752K, reserved 1048576K
}
Event: 198.336 GC heap after
{Heap after GC invocations=64 (full 0):
 garbage-first heap   total 368640K, used 222132K [0x0000000080000000, 0x0000000100000000)
  region size 1024K, 13 young (13312K), 13 survivors (13312K)
 Metaspace       used 197504K, committed 200256K, reserved 1245184K
  class space    used 25355K, committed 26752K, reserved 1048576K
}

